<?xml version="1.0" encoding="UTF-8"?>
<!-- Generated by org.testng.reporters.JUnitReportReporter -->
<testsuite hostname="Vladimirs-Mac-mini.local" failures="0" tests="6" name="test.day3" time="0.030" errors="0" timestamp="2022-10-05T00:15:26 PDT" skipped="1">
  <testcase classname="test.day3" name="mobilesignoutcarLoan" time="0.004"/>
  <system-out/>
  <testcase classname="test.day3" name="webLoginCarLoan" time="0.007"/>
  <system-out/>
  <testcase classname="test.day3" name="mobileLogincarLoan" time="0.011"/>
  <system-out/>
  <testcase classname="test.day3" name="mobilesignoutcarLoan" time="0.004"/>
  <system-out/>
  <testcase classname="test.day3" name="mobilesignoutcarLoan" time="0.004"/>
  <system-out/>
  <testcase classname="test.day3" name="mobilesignincarLoan">
    <skipped/>
  </testcase> <!-- mobilesignincarLoan -->
  <system-out/>
</testsuite> <!-- test.day3 -->
