<?xml version="1.0" encoding="UTF-8"?>
<!-- Generated by org.testng.reporters.JUnitReportReporter -->
<testsuite hostname="Vladimirs-Mac-mini.local" failures="0" tests="3" name="test.day4" time="0.014" errors="0" timestamp="2022-10-05T00:15:26 PDT" skipped="0">
  <testcase classname="test.day4" name="loginAPIHomeLoan" time="0.004"/>
  <system-out/>
  <testcase classname="test.day4" name="webLoginHomeLoan" time="0.005"/>
  <system-out/>
  <testcase classname="test.day4" name="mobileLoginHomeLoan" time="0.005"/>
  <system-out/>
</testsuite> <!-- test.day4 -->
